<?xml version="1.0" encoding="UTF-8"?>
<!-- Generated by org.testng.reporters.JUnitReportReporter -->
<testsuite hostname="DESKTOP-SGLR07Q" failures="0" tests="1" name="Raju.Home" time="92.217" errors="0" timestamp="2022-04-14T16:46:05 IST" skipped="0">
  <testcase classname="Raju.Home" name="basePageNavigation" time="92.217"/>
  <system-out/>
</testsuite> <!-- Raju.Home -->
